{"D:\\reactjs_poc\\fetch_operations\\src\\App.js": {"path":"D:\\reactjs_poc\\fetch_operations\\src\\App.js","statementMap":{"0":{"start":{"line":5,"column":16},"end":{"line":5,"column":63}},"1":{"start":{"line":5,"column":27},"end":{"line":5,"column":62}},"2":{"start":{"line":6,"column":19},"end":{"line":6,"column":72}},"3":{"start":{"line":6,"column":30},"end":{"line":6,"column":71}},"4":{"start":{"line":7,"column":13},"end":{"line":7,"column":68}},"5":{"start":{"line":7,"column":24},"end":{"line":7,"column":67}},"6":{"start":{"line":8,"column":19},"end":{"line":8,"column":71}},"7":{"start":{"line":8,"column":30},"end":{"line":8,"column":70}},"8":{"start":{"line":9,"column":17},"end":{"line":9,"column":66}},"9":{"start":{"line":9,"column":28},"end":{"line":9,"column":65}},"10":{"start":{"line":11,"column":2},"end":{"line":26,"column":4}}},"fnMap":{"0":{"name":"(anonymous_0)","decl":{"start":{"line":5,"column":21},"end":{"line":5,"column":22}},"loc":{"start":{"line":5,"column":27},"end":{"line":5,"column":62}},"line":5},"1":{"name":"(anonymous_1)","decl":{"start":{"line":6,"column":24},"end":{"line":6,"column":25}},"loc":{"start":{"line":6,"column":30},"end":{"line":6,"column":71}},"line":6},"2":{"name":"(anonymous_2)","decl":{"start":{"line":7,"column":18},"end":{"line":7,"column":19}},"loc":{"start":{"line":7,"column":24},"end":{"line":7,"column":67}},"line":7},"3":{"name":"(anonymous_3)","decl":{"start":{"line":8,"column":24},"end":{"line":8,"column":25}},"loc":{"start":{"line":8,"column":30},"end":{"line":8,"column":70}},"line":8},"4":{"name":"(anonymous_4)","decl":{"start":{"line":9,"column":22},"end":{"line":9,"column":23}},"loc":{"start":{"line":9,"column":28},"end":{"line":9,"column":65}},"line":9},"5":{"name":"App","decl":{"start":{"line":10,"column":9},"end":{"line":10,"column":12}},"loc":{"start":{"line":10,"column":16},"end":{"line":27,"column":1}},"line":10}},"branchMap":{},"s":{"0":1,"1":0,"2":1,"3":0,"4":1,"5":0,"6":1,"7":0,"8":1,"9":0,"10":1},"f":{"0":0,"1":0,"2":0,"3":0,"4":0,"5":1},"b":{},"_coverageSchema":"1a1c01bbd47fc00a2c39e90264f33305004495a9","hash":"40512b7871d834ed8548003f23dfdf8d660d6c16"}
,"D:\\reactjs_poc\\fetch_operations\\src\\index.js": {"path":"D:\\reactjs_poc\\fetch_operations\\src\\index.js","statementMap":{"0":{"start":{"line":8,"column":0},"end":{"line":17,"column":2}}},"fnMap":{},"branchMap":{},"s":{"0":0},"f":{},"b":{}}
,"D:\\reactjs_poc\\fetch_operations\\src\\reportWebVitals.js": {"path":"D:\\reactjs_poc\\fetch_operations\\src\\reportWebVitals.js","statementMap":{"0":{"start":{"line":1,"column":24},"end":{"line":11,"column":1}},"1":{"start":{"line":2,"column":2},"end":{"line":10,"column":3}},"2":{"start":{"line":3,"column":4},"end":{"line":9,"column":7}},"3":{"start":{"line":4,"column":6},"end":{"line":4,"column":26}},"4":{"start":{"line":5,"column":6},"end":{"line":5,"column":26}},"5":{"start":{"line":6,"column":6},"end":{"line":6,"column":26}},"6":{"start":{"line":7,"column":6},"end":{"line":7,"column":26}},"7":{"start":{"line":8,"column":6},"end":{"line":8,"column":27}}},"fnMap":{"0":{"name":"(anonymous_0)","decl":{"start":{"line":1,"column":24},"end":{"line":1,"column":25}},"loc":{"start":{"line":1,"column":39},"end":{"line":11,"column":1}},"line":1},"1":{"name":"(anonymous_1)","decl":{"start":{"line":3,"column":30},"end":{"line":3,"column":31}},"loc":{"start":{"line":3,"column":79},"end":{"line":9,"column":5}},"line":3}},"branchMap":{"0":{"loc":{"start":{"line":2,"column":2},"end":{"line":10,"column":3}},"type":"if","locations":[{"start":{"line":2,"column":2},"end":{"line":10,"column":3}},{"start":{},"end":{}}],"line":2},"1":{"loc":{"start":{"line":2,"column":6},"end":{"line":2,"column":52}},"type":"binary-expr","locations":[{"start":{"line":2,"column":6},"end":{"line":2,"column":17}},{"start":{"line":2,"column":21},"end":{"line":2,"column":52}}],"line":2}},"s":{"0":0,"1":0,"2":0,"3":0,"4":0,"5":0,"6":0,"7":0},"f":{"0":0,"1":0},"b":{"0":[0,0],"1":[0,0]}}
,"D:\\reactjs_poc\\fetch_operations\\src\\component\\navigation\\Navigation.js": {"path":"D:\\reactjs_poc\\fetch_operations\\src\\component\\navigation\\Navigation.js","statementMap":{"0":{"start":{"line":5,"column":19},"end":{"line":17,"column":1}},"1":{"start":{"line":6,"column":2},"end":{"line":16,"column":3}}},"fnMap":{"0":{"name":"(anonymous_0)","decl":{"start":{"line":5,"column":19},"end":{"line":5,"column":20}},"loc":{"start":{"line":5,"column":25},"end":{"line":17,"column":1}},"line":5}},"branchMap":{},"s":{"0":2,"1":9},"f":{"0":9},"b":{},"_coverageSchema":"1a1c01bbd47fc00a2c39e90264f33305004495a9","hash":"0c1213685d060bf68180629d75ecb17240f4e599"}
,"D:\\reactjs_poc\\fetch_operations\\src\\redux\\actionCreations\\actionCreations.js": {"path":"D:\\reactjs_poc\\fetch_operations\\src\\redux\\actionCreations\\actionCreations.js","statementMap":{"0":{"start":{"line":3,"column":2},"end":{"line":6,"column":4}},"1":{"start":{"line":9,"column":2},"end":{"line":12,"column":4}},"2":{"start":{"line":15,"column":2},"end":{"line":18,"column":4}},"3":{"start":{"line":21,"column":2},"end":{"line":24,"column":4}}},"fnMap":{"0":{"name":"addQuantity","decl":{"start":{"line":2,"column":16},"end":{"line":2,"column":27}},"loc":{"start":{"line":2,"column":35},"end":{"line":7,"column":1}},"line":2},"1":{"name":"removeQuantity","decl":{"start":{"line":8,"column":16},"end":{"line":8,"column":30}},"loc":{"start":{"line":8,"column":38},"end":{"line":13,"column":1}},"line":8},"2":{"name":"addToCart","decl":{"start":{"line":14,"column":16},"end":{"line":14,"column":25}},"loc":{"start":{"line":14,"column":33},"end":{"line":19,"column":1}},"line":14},"3":{"name":"deleteFromCart","decl":{"start":{"line":20,"column":16},"end":{"line":20,"column":30}},"loc":{"start":{"line":20,"column":38},"end":{"line":25,"column":1}},"line":20}},"branchMap":{},"s":{"0":1,"1":1,"2":1,"3":1},"f":{"0":1,"1":1,"2":1,"3":1},"b":{},"_coverageSchema":"1a1c01bbd47fc00a2c39e90264f33305004495a9","hash":"e47d188a969898d1086c7a990562274fc506345a"}
,"D:\\reactjs_poc\\fetch_operations\\src\\redux\\actionType\\actionType.js": {"path":"D:\\reactjs_poc\\fetch_operations\\src\\redux\\actionType\\actionType.js","statementMap":{"0":{"start":{"line":1,"column":28},"end":{"line":1,"column":43}},"1":{"start":{"line":2,"column":31},"end":{"line":2,"column":48}},"2":{"start":{"line":3,"column":27},"end":{"line":3,"column":40}},"3":{"start":{"line":4,"column":32},"end":{"line":4,"column":50}}},"fnMap":{},"branchMap":{},"s":{"0":3,"1":3,"2":3,"3":3},"f":{},"b":{},"_coverageSchema":"1a1c01bbd47fc00a2c39e90264f33305004495a9","hash":"abc1a73175145228a5be13e606686efd26554177"}
,"D:\\reactjs_poc\\fetch_operations\\src\\redux\\actionTypes\\ActionTypes.js": {"path":"D:\\reactjs_poc\\fetch_operations\\src\\redux\\actionTypes\\ActionTypes.js","statementMap":{"0":{"start":{"line":1,"column":28},"end":{"line":1,"column":42}},"1":{"start":{"line":2,"column":31},"end":{"line":2,"column":48}},"2":{"start":{"line":3,"column":27},"end":{"line":3,"column":40}},"3":{"start":{"line":4,"column":32},"end":{"line":4,"column":50}}},"fnMap":{},"branchMap":{},"s":{"0":3,"1":3,"2":3,"3":3},"f":{},"b":{},"_coverageSchema":"1a1c01bbd47fc00a2c39e90264f33305004495a9","hash":"58614a1cb72139b7ebcb3490fb0e34b6e15d63f6"}
,"D:\\reactjs_poc\\fetch_operations\\src\\redux\\reducer\\reducer.js": {"path":"D:\\reactjs_poc\\fetch_operations\\src\\redux\\reducer\\reducer.js","statementMap":{"0":{"start":{"line":3,"column":21},"end":{"line":5,"column":1}},"1":{"start":{"line":7,"column":2},"end":{"line":52,"column":3}},"2":{"start":{"line":9,"column":6},"end":{"line":14,"column":9}},"3":{"start":{"line":10,"column":8},"end":{"line":12,"column":9}},"4":{"start":{"line":11,"column":10},"end":{"line":11,"column":44}},"5":{"start":{"line":13,"column":8},"end":{"line":13,"column":20}},"6":{"start":{"line":15,"column":6},"end":{"line":17,"column":8}},"7":{"start":{"line":19,"column":6},"end":{"line":24,"column":9}},"8":{"start":{"line":20,"column":8},"end":{"line":22,"column":9}},"9":{"start":{"line":21,"column":10},"end":{"line":21,"column":57}},"10":{"start":{"line":23,"column":8},"end":{"line":23,"column":20}},"11":{"start":{"line":25,"column":6},"end":{"line":27,"column":8}},"12":{"start":{"line":30,"column":21},"end":{"line":30,"column":79}},"13":{"start":{"line":30,"column":49},"end":{"line":30,"column":78}},"14":{"start":{"line":31,"column":6},"end":{"line":41,"column":7}},"15":{"start":{"line":32,"column":8},"end":{"line":35,"column":10}},"16":{"start":{"line":37,"column":8},"end":{"line":40,"column":10}},"17":{"start":{"line":45,"column":6},"end":{"line":48,"column":8}},"18":{"start":{"line":47,"column":48},"end":{"line":47,"column":77}},"19":{"start":{"line":51,"column":6},"end":{"line":51,"column":19}},"20":{"start":{"line":54,"column":20},"end":{"line":54,"column":55}}},"fnMap":{"0":{"name":"cartOperations","decl":{"start":{"line":6,"column":16},"end":{"line":6,"column":30}},"loc":{"start":{"line":6,"column":62},"end":{"line":53,"column":1}},"line":6},"1":{"name":"(anonymous_1)","decl":{"start":{"line":9,"column":25},"end":{"line":9,"column":26}},"loc":{"start":{"line":9,"column":35},"end":{"line":14,"column":7}},"line":9},"2":{"name":"(anonymous_2)","decl":{"start":{"line":19,"column":25},"end":{"line":19,"column":26}},"loc":{"start":{"line":19,"column":35},"end":{"line":24,"column":7}},"line":19},"3":{"name":"(anonymous_3)","decl":{"start":{"line":30,"column":41},"end":{"line":30,"column":42}},"loc":{"start":{"line":30,"column":49},"end":{"line":30,"column":78}},"line":30},"4":{"name":"(anonymous_4)","decl":{"start":{"line":47,"column":40},"end":{"line":47,"column":41}},"loc":{"start":{"line":47,"column":48},"end":{"line":47,"column":77}},"line":47}},"branchMap":{"0":{"loc":{"start":{"line":6,"column":32},"end":{"line":6,"column":52}},"type":"default-arg","locations":[{"start":{"line":6,"column":40},"end":{"line":6,"column":52}}],"line":6},"1":{"loc":{"start":{"line":7,"column":2},"end":{"line":52,"column":3}},"type":"switch","locations":[{"start":{"line":8,"column":4},"end":{"line":17,"column":8}},{"start":{"line":18,"column":4},"end":{"line":27,"column":8}},{"start":{"line":28,"column":4},"end":{"line":42,"column":5}},{"start":{"line":43,"column":4},"end":{"line":49,"column":5}},{"start":{"line":50,"column":4},"end":{"line":51,"column":19}}],"line":7},"2":{"loc":{"start":{"line":10,"column":8},"end":{"line":12,"column":9}},"type":"if","locations":[{"start":{"line":10,"column":8},"end":{"line":12,"column":9}},{"start":{},"end":{}}],"line":10},"3":{"loc":{"start":{"line":20,"column":8},"end":{"line":22,"column":9}},"type":"if","locations":[{"start":{"line":20,"column":8},"end":{"line":22,"column":9}},{"start":{},"end":{}}],"line":20},"4":{"loc":{"start":{"line":31,"column":6},"end":{"line":41,"column":7}},"type":"if","locations":[{"start":{"line":31,"column":6},"end":{"line":41,"column":7}},{"start":{"line":36,"column":13},"end":{"line":41,"column":7}}],"line":31}},"s":{"0":3,"1":19,"2":0,"3":0,"4":0,"5":0,"6":0,"7":2,"8":2,"9":2,"10":2,"11":2,"12":2,"13":2,"14":2,"15":1,"16":1,"17":2,"18":2,"19":13,"20":3},"f":{"0":19,"1":0,"2":2,"3":2,"4":2},"b":{"0":[7],"1":[0,2,2,2,13],"2":[0,0],"3":[2,0],"4":[1,1]},"_coverageSchema":"1a1c01bbd47fc00a2c39e90264f33305004495a9","hash":"b9cb35af8514e1caaa390094b4b6e4d18f893c8e"}
,"D:\\reactjs_poc\\fetch_operations\\src\\redux\\reducer\\__test__\\data.js": {"path":"D:\\reactjs_poc\\fetch_operations\\src\\redux\\reducer\\__test__\\data.js","statementMap":{"0":{"start":{"line":1,"column":23},"end":{"line":9,"column":1}},"1":{"start":{"line":10,"column":20},"end":{"line":18,"column":1}},"2":{"start":{"line":19,"column":30},"end":{"line":40,"column":1}}},"fnMap":{},"branchMap":{},"s":{"0":1,"1":1,"2":1},"f":{},"b":{},"_coverageSchema":"1a1c01bbd47fc00a2c39e90264f33305004495a9","hash":"91b396852f575601af8e8bdec087cde980b4f8e9"}
,"D:\\reactjs_poc\\fetch_operations\\src\\redux\\store\\store.js": {"path":"D:\\reactjs_poc\\fetch_operations\\src\\redux\\store\\store.js","statementMap":{"0":{"start":{"line":5,"column":22},"end":{"line":8,"column":1}},"1":{"start":{"line":9,"column":25},"end":{"line":9,"column":70}},"2":{"start":{"line":10,"column":21},"end":{"line":11,"column":79}},"3":{"start":{"line":13,"column":30},"end":{"line":13,"column":49}}},"fnMap":{},"branchMap":{"0":{"loc":{"start":{"line":11,"column":2},"end":{"line":11,"column":78}},"type":"binary-expr","locations":[{"start":{"line":11,"column":2},"end":{"line":11,"column":37}},{"start":{"line":11,"column":41},"end":{"line":11,"column":78}}],"line":11}},"s":{"0":0,"1":0,"2":0,"3":0},"f":{},"b":{"0":[0,0]}}
,"D:\\reactjs_poc\\fetch_operations\\src\\screens\\addProduct\\addProductFormElements.js": {"path":"D:\\reactjs_poc\\fetch_operations\\src\\screens\\addProduct\\addProductFormElements.js","statementMap":{"0":{"start":{"line":1,"column":38},"end":{"line":27,"column":1}}},"fnMap":{},"branchMap":{},"s":{"0":0},"f":{},"b":{}}
,"D:\\reactjs_poc\\fetch_operations\\src\\screens\\addProduct\\__test__\\data.js": {"path":"D:\\reactjs_poc\\fetch_operations\\src\\screens\\addProduct\\__test__\\data.js","statementMap":{"0":{"start":{"line":1,"column":23},"end":{"line":7,"column":1}}},"fnMap":{},"branchMap":{},"s":{"0":0},"f":{},"b":{}}
,"D:\\reactjs_poc\\fetch_operations\\src\\screens\\addToCart\\addToCarts.js": {"path":"D:\\reactjs_poc\\fetch_operations\\src\\screens\\addToCart\\addToCarts.js","statementMap":{"0":{"start":{"line":7,"column":19},"end":{"line":65,"column":1}},"1":{"start":{"line":8,"column":14},"end":{"line":10,"column":3}},"2":{"start":{"line":9,"column":4},"end":{"line":9,"column":38}},"3":{"start":{"line":11,"column":15},"end":{"line":13,"column":3}},"4":{"start":{"line":12,"column":4},"end":{"line":12,"column":41}},"5":{"start":{"line":14,"column":21},"end":{"line":16,"column":3}},"6":{"start":{"line":15,"column":4},"end":{"line":15,"column":41}},"7":{"start":{"line":17,"column":2},"end":{"line":64,"column":4}},"8":{"start":{"line":23,"column":24},"end":{"line":37,"column":30}},"9":{"start":{"line":29,"column":85},"end":{"line":29,"column":94}},"10":{"start":{"line":33,"column":99},"end":{"line":33,"column":109}},"11":{"start":{"line":36,"column":91},"end":{"line":36,"column":107}},"12":{"start":{"line":42,"column":22},"end":{"line":42,"column":77}},"13":{"start":{"line":66,"column":24},"end":{"line":68,"column":1}},"14":{"start":{"line":67,"column":2},"end":{"line":67,"column":34}}},"fnMap":{"0":{"name":"(anonymous_0)","decl":{"start":{"line":7,"column":19},"end":{"line":7,"column":20}},"loc":{"start":{"line":7,"column":30},"end":{"line":65,"column":1}},"line":7},"1":{"name":"(anonymous_1)","decl":{"start":{"line":8,"column":14},"end":{"line":8,"column":15}},"loc":{"start":{"line":8,"column":24},"end":{"line":10,"column":3}},"line":8},"2":{"name":"(anonymous_2)","decl":{"start":{"line":11,"column":15},"end":{"line":11,"column":16}},"loc":{"start":{"line":11,"column":25},"end":{"line":13,"column":3}},"line":11},"3":{"name":"(anonymous_3)","decl":{"start":{"line":14,"column":21},"end":{"line":14,"column":22}},"loc":{"start":{"line":14,"column":31},"end":{"line":16,"column":3}},"line":14},"4":{"name":"(anonymous_4)","decl":{"start":{"line":22,"column":36},"end":{"line":22,"column":37}},"loc":{"start":{"line":23,"column":24},"end":{"line":37,"column":30}},"line":23},"5":{"name":"(anonymous_5)","decl":{"start":{"line":29,"column":79},"end":{"line":29,"column":80}},"loc":{"start":{"line":29,"column":85},"end":{"line":29,"column":94}},"line":29},"6":{"name":"(anonymous_6)","decl":{"start":{"line":33,"column":93},"end":{"line":33,"column":94}},"loc":{"start":{"line":33,"column":99},"end":{"line":33,"column":109}},"line":33},"7":{"name":"(anonymous_7)","decl":{"start":{"line":36,"column":85},"end":{"line":36,"column":86}},"loc":{"start":{"line":36,"column":91},"end":{"line":36,"column":107}},"line":36},"8":{"name":"(anonymous_8)","decl":{"start":{"line":41,"column":53},"end":{"line":41,"column":54}},"loc":{"start":{"line":41,"column":63},"end":{"line":43,"column":21}},"line":41},"9":{"name":"(anonymous_9)","decl":{"start":{"line":66,"column":24},"end":{"line":66,"column":25}},"loc":{"start":{"line":66,"column":35},"end":{"line":68,"column":1}},"line":66}},"branchMap":{"0":{"loc":{"start":{"line":20,"column":13},"end":{"line":61,"column":22}},"type":"cond-expr","locations":[{"start":{"line":21,"column":16},"end":{"line":47,"column":22}},{"start":{"line":48,"column":16},"end":{"line":61,"column":22}}],"line":20},"1":{"loc":{"start":{"line":20,"column":13},"end":{"line":20,"column":48}},"type":"binary-expr","locations":[{"start":{"line":20,"column":13},"end":{"line":20,"column":23}},{"start":{"line":20,"column":27},"end":{"line":20,"column":48}}],"line":20},"2":{"loc":{"start":{"line":32,"column":32},"end":{"line":33,"column":128}},"type":"binary-expr","locations":[{"start":{"line":32,"column":33},"end":{"line":32,"column":50}},{"start":{"line":33,"column":32},"end":{"line":33,"column":128}}],"line":32}},"s":{"0":1,"1":5,"2":1,"3":5,"4":1,"5":5,"6":1,"7":5,"8":4,"9":1,"10":1,"11":1,"12":4,"13":1,"14":5},"f":{"0":5,"1":1,"2":1,"3":1,"4":4,"5":1,"6":1,"7":1,"8":4,"9":5},"b":{"0":[4,1],"1":[5,5],"2":[4,2]},"_coverageSchema":"1a1c01bbd47fc00a2c39e90264f33305004495a9","hash":"07f9e09e71cd3776ee9f85b86aa453501e4b41c4"}
,"D:\\reactjs_poc\\fetch_operations\\src\\screens\\addToCart\\__test__\\InitialStateData.js": {"path":"D:\\reactjs_poc\\fetch_operations\\src\\screens\\addToCart\\__test__\\InitialStateData.js","statementMap":{"0":{"start":{"line":1,"column":21},"end":{"line":11,"column":1}}},"fnMap":{},"branchMap":{},"s":{"0":2},"f":{},"b":{},"_coverageSchema":"1a1c01bbd47fc00a2c39e90264f33305004495a9","hash":"da80f350935abd2c5d50ae3f70968ad3208ea454"}
,"D:\\reactjs_poc\\fetch_operations\\src\\screens\\addToCart\\__test__\\renderWithState.js": {"path":"D:\\reactjs_poc\\fetch_operations\\src\\screens\\addToCart\\__test__\\renderWithState.js","statementMap":{"0":{"start":{"line":6,"column":24},"end":{"line":13,"column":1}},"1":{"start":{"line":7,"column":16},"end":{"line":7,"column":57}},"2":{"start":{"line":8,"column":18},"end":{"line":11,"column":3}},"3":{"start":{"line":9,"column":12},"end":{"line":9,"column":88}},"4":{"start":{"line":12,"column":2},"end":{"line":12,"column":60}}},"fnMap":{"0":{"name":"(anonymous_0)","decl":{"start":{"line":6,"column":24},"end":{"line":6,"column":25}},"loc":{"start":{"line":6,"column":73},"end":{"line":13,"column":1}},"line":6},"1":{"name":"(anonymous_1)","decl":{"start":{"line":8,"column":18},"end":{"line":8,"column":19}},"loc":{"start":{"line":9,"column":12},"end":{"line":9,"column":88}},"line":9}},"branchMap":{"0":{"loc":{"start":{"line":6,"column":29},"end":{"line":6,"column":68}},"type":"default-arg","locations":[{"start":{"line":6,"column":66},"end":{"line":6,"column":68}}],"line":6}},"s":{"0":2,"1":4,"2":4,"3":4,"4":4},"f":{"0":4,"1":4},"b":{"0":[0]},"_coverageSchema":"1a1c01bbd47fc00a2c39e90264f33305004495a9","hash":"5e2373a2a64ff7f936c5231e1e5cff8610c2defc"}
,"D:\\reactjs_poc\\fetch_operations\\src\\screens\\checkOut\\checkOut.js": {"path":"D:\\reactjs_poc\\fetch_operations\\src\\screens\\checkOut\\checkOut.js","statementMap":{"0":{"start":{"line":4,"column":24},"end":{"line":28,"column":1}},"1":{"start":{"line":5,"column":2},"end":{"line":27,"column":4}},"2":{"start":{"line":10,"column":24},"end":{"line":16,"column":30}},"3":{"start":{"line":22,"column":18},"end":{"line":22,"column":50}},"4":{"start":{"line":29,"column":24},"end":{"line":31,"column":1}},"5":{"start":{"line":30,"column":2},"end":{"line":30,"column":34}}},"fnMap":{"0":{"name":"(anonymous_0)","decl":{"start":{"line":4,"column":24},"end":{"line":4,"column":25}},"loc":{"start":{"line":4,"column":35},"end":{"line":28,"column":1}},"line":4},"1":{"name":"(anonymous_1)","decl":{"start":{"line":9,"column":35},"end":{"line":9,"column":36}},"loc":{"start":{"line":10,"column":24},"end":{"line":16,"column":30}},"line":10},"2":{"name":"(anonymous_2)","decl":{"start":{"line":21,"column":49},"end":{"line":21,"column":50}},"loc":{"start":{"line":21,"column":59},"end":{"line":23,"column":17}},"line":21},"3":{"name":"(anonymous_3)","decl":{"start":{"line":29,"column":24},"end":{"line":29,"column":25}},"loc":{"start":{"line":29,"column":35},"end":{"line":31,"column":1}},"line":29}},"branchMap":{},"s":{"0":1,"1":1,"2":1,"3":1,"4":1,"5":1},"f":{"0":1,"1":1,"2":1,"3":1},"b":{},"_coverageSchema":"1a1c01bbd47fc00a2c39e90264f33305004495a9","hash":"5b01f4823cc8b6207babfe761663738bb19e688d"}
,"D:\\reactjs_poc\\fetch_operations\\src\\screens\\loginPage\\loginPage.js": {"path":"D:\\reactjs_poc\\fetch_operations\\src\\screens\\loginPage\\loginPage.js","statementMap":{"0":{"start":{"line":6,"column":4},"end":{"line":6,"column":11}},"1":{"start":{"line":7,"column":4},"end":{"line":16,"column":5}},"2":{"start":{"line":20,"column":23},"end":{"line":27,"column":5}},"3":{"start":{"line":21,"column":6},"end":{"line":26,"column":8}},"4":{"start":{"line":30,"column":19},"end":{"line":49,"column":5}},"5":{"start":{"line":31,"column":23},"end":{"line":31,"column":54}},"6":{"start":{"line":32,"column":6},"end":{"line":42,"column":7}},"7":{"start":{"line":33,"column":27},"end":{"line":33,"column":29}},"8":{"start":{"line":34,"column":8},"end":{"line":34,"column":29}},"9":{"start":{"line":35,"column":8},"end":{"line":35,"column":32}},"10":{"start":{"line":36,"column":8},"end":{"line":36,"column":49}},"11":{"start":{"line":37,"column":8},"end":{"line":37,"column":42}},"12":{"start":{"line":39,"column":8},"end":{"line":41,"column":10}},"13":{"start":{"line":52,"column":29},"end":{"line":52,"column":39}},"14":{"start":{"line":53,"column":25},"end":{"line":53,"column":35}},"15":{"start":{"line":54,"column":6},"end":{"line":69,"column":7}},"16":{"start":{"line":65,"column":80},"end":{"line":65,"column":99}}},"fnMap":{"0":{"name":"(anonymous_0)","decl":{"start":{"line":5,"column":2},"end":{"line":5,"column":3}},"loc":{"start":{"line":5,"column":17},"end":{"line":17,"column":3}},"line":5},"1":{"name":"(anonymous_1)","decl":{"start":{"line":20,"column":23},"end":{"line":20,"column":24}},"loc":{"start":{"line":20,"column":30},"end":{"line":27,"column":5}},"line":20},"2":{"name":"(anonymous_2)","decl":{"start":{"line":30,"column":19},"end":{"line":30,"column":20}},"loc":{"start":{"line":30,"column":25},"end":{"line":49,"column":5}},"line":30},"3":{"name":"(anonymous_3)","decl":{"start":{"line":51,"column":4},"end":{"line":51,"column":5}},"loc":{"start":{"line":51,"column":14},"end":{"line":70,"column":5}},"line":51},"4":{"name":"(anonymous_4)","decl":{"start":{"line":65,"column":74},"end":{"line":65,"column":75}},"loc":{"start":{"line":65,"column":80},"end":{"line":65,"column":99}},"line":65}},"branchMap":{"0":{"loc":{"start":{"line":32,"column":6},"end":{"line":42,"column":7}},"type":"if","locations":[{"start":{"line":32,"column":6},"end":{"line":42,"column":7}},{"start":{"line":38,"column":13},"end":{"line":42,"column":7}}],"line":32}},"s":{"0":0,"1":0,"2":0,"3":0,"4":0,"5":0,"6":0,"7":0,"8":0,"9":0,"10":0,"11":0,"12":0,"13":0,"14":0,"15":0,"16":0},"f":{"0":0,"1":0,"2":0,"3":0,"4":0},"b":{"0":[0,0]}}
,"D:\\reactjs_poc\\fetch_operations\\src\\screens\\product\\FilterPrice.js": {"path":"D:\\reactjs_poc\\fetch_operations\\src\\screens\\product\\FilterPrice.js","statementMap":{"0":{"start":{"line":2,"column":4},"end":{"line":5,"column":5}}},"fnMap":{},"branchMap":{},"s":{"0":1},"f":{},"b":{},"_coverageSchema":"1a1c01bbd47fc00a2c39e90264f33305004495a9","hash":"06ec9bb2afe11f13f7bcbf526ae746924c341fa9"}
,"D:\\reactjs_poc\\fetch_operations\\src\\screens\\product\\product.js": {"path":"D:\\reactjs_poc\\fetch_operations\\src\\screens\\product\\product.js","statementMap":{"0":{"start":{"line":11,"column":4},"end":{"line":11,"column":12}},"1":{"start":{"line":12,"column":4},"end":{"line":23,"column":6}},"2":{"start":{"line":26,"column":17},"end":{"line":33,"column":3}},"3":{"start":{"line":27,"column":45},"end":{"line":27,"column":55}},"4":{"start":{"line":28,"column":18},"end":{"line":28,"column":61}},"5":{"start":{"line":29,"column":4},"end":{"line":32,"column":7}},"6":{"start":{"line":36,"column":4},"end":{"line":45,"column":34}},"7":{"start":{"line":37,"column":21},"end":{"line":37,"column":31}},"8":{"start":{"line":39,"column":8},"end":{"line":42,"column":11}},"9":{"start":{"line":43,"column":8},"end":{"line":43,"column":28}},"10":{"start":{"line":45,"column":18},"end":{"line":45,"column":32}},"11":{"start":{"line":48,"column":20},"end":{"line":57,"column":3}},"12":{"start":{"line":49,"column":25},"end":{"line":49,"column":35}},"13":{"start":{"line":50,"column":19},"end":{"line":50,"column":52}},"14":{"start":{"line":51,"column":4},"end":{"line":56,"column":7}},"15":{"start":{"line":55,"column":6},"end":{"line":55,"column":26}},"16":{"start":{"line":59,"column":9},"end":{"line":63,"column":3}},"17":{"start":{"line":60,"column":4},"end":{"line":60,"column":22}},"18":{"start":{"line":61,"column":4},"end":{"line":62,"column":6}},"19":{"start":{"line":65,"column":16},"end":{"line":67,"column":3}},"20":{"start":{"line":66,"column":4},"end":{"line":66,"column":81}},"21":{"start":{"line":66,"column":57},"end":{"line":66,"column":79}},"22":{"start":{"line":69,"column":20},"end":{"line":83,"column":3}},"23":{"start":{"line":70,"column":34},"end":{"line":70,"column":44}},"24":{"start":{"line":71,"column":4},"end":{"line":82,"column":5}},"25":{"start":{"line":72,"column":25},"end":{"line":72,"column":65}},"26":{"start":{"line":72,"column":46},"end":{"line":72,"column":63}},"27":{"start":{"line":73,"column":6},"end":{"line":75,"column":36}},"28":{"start":{"line":75,"column":15},"end":{"line":75,"column":34}},"29":{"start":{"line":76,"column":11},"end":{"line":82,"column":5}},"30":{"start":{"line":77,"column":25},"end":{"line":77,"column":65}},"31":{"start":{"line":77,"column":46},"end":{"line":77,"column":63}},"32":{"start":{"line":79,"column":6},"end":{"line":81,"column":36}},"33":{"start":{"line":81,"column":15},"end":{"line":81,"column":34}},"34":{"start":{"line":85,"column":21},"end":{"line":87,"column":3}},"35":{"start":{"line":86,"column":4},"end":{"line":86,"column":80}},"36":{"start":{"line":86,"column":51},"end":{"line":86,"column":78}},"37":{"start":{"line":89,"column":25},"end":{"line":95,"column":3}},"38":{"start":{"line":90,"column":21},"end":{"line":90,"column":31}},"39":{"start":{"line":91,"column":19},"end":{"line":91,"column":74}},"40":{"start":{"line":91,"column":39},"end":{"line":91,"column":73}},"41":{"start":{"line":92,"column":4},"end":{"line":94,"column":34}},"42":{"start":{"line":94,"column":13},"end":{"line":94,"column":32}},"43":{"start":{"line":98,"column":27},"end":{"line":98,"column":69}},"44":{"start":{"line":98,"column":55},"end":{"line":98,"column":68}},"45":{"start":{"line":99,"column":27},"end":{"line":99,"column":95}},"46":{"start":{"line":99,"column":61},"end":{"line":99,"column":94}},"47":{"start":{"line":100,"column":34},"end":{"line":100,"column":89}},"48":{"start":{"line":100,"column":67},"end":{"line":100,"column":83}},"49":{"start":{"line":101,"column":4},"end":{"line":156,"column":6}},"50":{"start":{"line":108,"column":12},"end":{"line":108,"column":79}},"51":{"start":{"line":116,"column":12},"end":{"line":116,"column":79}},"52":{"start":{"line":122,"column":10},"end":{"line":139,"column":16}},"53":{"start":{"line":130,"column":76},"end":{"line":130,"column":91}}},"fnMap":{"0":{"name":"(anonymous_0)","decl":{"start":{"line":10,"column":2},"end":{"line":10,"column":3}},"loc":{"start":{"line":10,"column":17},"end":{"line":24,"column":3}},"line":10},"1":{"name":"(anonymous_1)","decl":{"start":{"line":26,"column":17},"end":{"line":26,"column":18}},"loc":{"start":{"line":26,"column":29},"end":{"line":33,"column":3}},"line":26},"2":{"name":"(anonymous_2)","decl":{"start":{"line":35,"column":2},"end":{"line":35,"column":3}},"loc":{"start":{"line":35,"column":23},"end":{"line":46,"column":3}},"line":35},"3":{"name":"(anonymous_3)","decl":{"start":{"line":37,"column":12},"end":{"line":37,"column":13}},"loc":{"start":{"line":37,"column":21},"end":{"line":37,"column":31}},"line":37},"4":{"name":"(anonymous_4)","decl":{"start":{"line":38,"column":12},"end":{"line":38,"column":13}},"loc":{"start":{"line":38,"column":22},"end":{"line":44,"column":7}},"line":38},"5":{"name":"(anonymous_5)","decl":{"start":{"line":45,"column":13},"end":{"line":45,"column":14}},"loc":{"start":{"line":45,"column":18},"end":{"line":45,"column":32}},"line":45},"6":{"name":"(anonymous_6)","decl":{"start":{"line":48,"column":20},"end":{"line":48,"column":21}},"loc":{"start":{"line":48,"column":27},"end":{"line":57,"column":3}},"line":48},"7":{"name":"(anonymous_7)","decl":{"start":{"line":54,"column":7},"end":{"line":54,"column":8}},"loc":{"start":{"line":54,"column":13},"end":{"line":56,"column":5}},"line":54},"8":{"name":"(anonymous_8)","decl":{"start":{"line":59,"column":9},"end":{"line":59,"column":10}},"loc":{"start":{"line":59,"column":19},"end":{"line":63,"column":3}},"line":59},"9":{"name":"(anonymous_9)","decl":{"start":{"line":65,"column":16},"end":{"line":65,"column":17}},"loc":{"start":{"line":65,"column":23},"end":{"line":67,"column":3}},"line":65},"10":{"name":"(anonymous_10)","decl":{"start":{"line":66,"column":51},"end":{"line":66,"column":52}},"loc":{"start":{"line":66,"column":57},"end":{"line":66,"column":79}},"line":66},"11":{"name":"(anonymous_11)","decl":{"start":{"line":69,"column":20},"end":{"line":69,"column":21}},"loc":{"start":{"line":69,"column":26},"end":{"line":83,"column":3}},"line":69},"12":{"name":"(anonymous_12)","decl":{"start":{"line":72,"column":35},"end":{"line":72,"column":36}},"loc":{"start":{"line":72,"column":46},"end":{"line":72,"column":63}},"line":72},"13":{"name":"(anonymous_13)","decl":{"start":{"line":75,"column":9},"end":{"line":75,"column":10}},"loc":{"start":{"line":75,"column":15},"end":{"line":75,"column":34}},"line":75},"14":{"name":"(anonymous_14)","decl":{"start":{"line":77,"column":35},"end":{"line":77,"column":36}},"loc":{"start":{"line":77,"column":46},"end":{"line":77,"column":63}},"line":77},"15":{"name":"(anonymous_15)","decl":{"start":{"line":81,"column":9},"end":{"line":81,"column":10}},"loc":{"start":{"line":81,"column":15},"end":{"line":81,"column":34}},"line":81},"16":{"name":"(anonymous_16)","decl":{"start":{"line":85,"column":21},"end":{"line":85,"column":22}},"loc":{"start":{"line":85,"column":28},"end":{"line":87,"column":3}},"line":85},"17":{"name":"(anonymous_17)","decl":{"start":{"line":86,"column":45},"end":{"line":86,"column":46}},"loc":{"start":{"line":86,"column":51},"end":{"line":86,"column":78}},"line":86},"18":{"name":"(anonymous_18)","decl":{"start":{"line":89,"column":25},"end":{"line":89,"column":26}},"loc":{"start":{"line":89,"column":31},"end":{"line":95,"column":3}},"line":89},"19":{"name":"(anonymous_19)","decl":{"start":{"line":91,"column":31},"end":{"line":91,"column":32}},"loc":{"start":{"line":91,"column":39},"end":{"line":91,"column":73}},"line":91},"20":{"name":"(anonymous_20)","decl":{"start":{"line":94,"column":7},"end":{"line":94,"column":8}},"loc":{"start":{"line":94,"column":13},"end":{"line":94,"column":32}},"line":94},"21":{"name":"(anonymous_21)","decl":{"start":{"line":97,"column":2},"end":{"line":97,"column":3}},"loc":{"start":{"line":97,"column":12},"end":{"line":157,"column":3}},"line":97},"22":{"name":"(anonymous_22)","decl":{"start":{"line":98,"column":47},"end":{"line":98,"column":48}},"loc":{"start":{"line":98,"column":55},"end":{"line":98,"column":68}},"line":98},"23":{"name":"(anonymous_23)","decl":{"start":{"line":99,"column":49},"end":{"line":99,"column":50}},"loc":{"start":{"line":99,"column":61},"end":{"line":99,"column":94}},"line":99},"24":{"name":"(anonymous_24)","decl":{"start":{"line":100,"column":56},"end":{"line":100,"column":57}},"loc":{"start":{"line":100,"column":67},"end":{"line":100,"column":83}},"line":100},"25":{"name":"(anonymous_25)","decl":{"start":{"line":107,"column":42},"end":{"line":107,"column":43}},"loc":{"start":{"line":108,"column":12},"end":{"line":108,"column":79}},"line":108},"26":{"name":"(anonymous_26)","decl":{"start":{"line":115,"column":52},"end":{"line":115,"column":53}},"loc":{"start":{"line":116,"column":12},"end":{"line":116,"column":79}},"line":116},"27":{"name":"(anonymous_27)","decl":{"start":{"line":121,"column":35},"end":{"line":121,"column":36}},"loc":{"start":{"line":122,"column":10},"end":{"line":139,"column":16}},"line":122},"28":{"name":"(anonymous_28)","decl":{"start":{"line":130,"column":70},"end":{"line":130,"column":71}},"loc":{"start":{"line":130,"column":76},"end":{"line":130,"column":91}},"line":130}},"branchMap":{"0":{"loc":{"start":{"line":71,"column":4},"end":{"line":82,"column":5}},"type":"if","locations":[{"start":{"line":71,"column":4},"end":{"line":82,"column":5}},{"start":{"line":76,"column":11},"end":{"line":82,"column":5}}],"line":71},"1":{"loc":{"start":{"line":76,"column":11},"end":{"line":82,"column":5}},"type":"if","locations":[{"start":{"line":76,"column":11},"end":{"line":82,"column":5}},{"start":{},"end":{}}],"line":76}},"s":{"0":10,"1":10,"2":10,"3":5,"4":5,"5":5,"6":4,"7":1,"8":1,"9":1,"10":1,"11":10,"12":1,"13":1,"14":1,"15":1,"16":10,"17":1,"18":1,"19":10,"20":2,"21":2,"22":10,"23":2,"24":2,"25":1,"26":4,"27":1,"28":1,"29":1,"30":1,"31":4,"32":1,"33":1,"34":10,"35":1,"36":1,"37":10,"38":1,"39":1,"40":3,"41":1,"42":1,"43":27,"44":42,"45":27,"46":42,"47":27,"48":28,"49":27,"50":54,"51":28,"52":13,"53":1},"f":{"0":10,"1":5,"2":4,"3":1,"4":1,"5":1,"6":1,"7":1,"8":1,"9":2,"10":2,"11":2,"12":4,"13":1,"14":4,"15":1,"16":1,"17":1,"18":1,"19":3,"20":1,"21":27,"22":42,"23":42,"24":28,"25":54,"26":28,"27":13,"28":1},"b":{"0":[1,1],"1":[1,0]},"_coverageSchema":"1a1c01bbd47fc00a2c39e90264f33305004495a9","hash":"07655ec6dc9ad9b27c149f16a0f1b8cc9ed83220"}
,"D:\\reactjs_poc\\fetch_operations\\src\\screens\\product\\__test__\\data.js": {"path":"D:\\reactjs_poc\\fetch_operations\\src\\screens\\product\\__test__\\data.js","statementMap":{"0":{"start":{"line":1,"column":20},"end":{"line":25,"column":1}},"1":{"start":{"line":26,"column":26},"end":{"line":42,"column":3}}},"fnMap":{},"branchMap":{},"s":{"0":1,"1":1},"f":{},"b":{},"_coverageSchema":"1a1c01bbd47fc00a2c39e90264f33305004495a9","hash":"4ec8a1321db9f136bcbe6f9735c3f319e9cbaf95"}
,"D:\\reactjs_poc\\fetch_operations\\src\\screens\\productInfo\\ProductInfo.js": {"path":"D:\\reactjs_poc\\fetch_operations\\src\\screens\\productInfo\\ProductInfo.js","statementMap":{"0":{"start":{"line":3,"column":20},"end":{"line":15,"column":1}},"1":{"start":{"line":4,"column":19},"end":{"line":4,"column":38}},"2":{"start":{"line":5,"column":2},"end":{"line":14,"column":3}}},"fnMap":{"0":{"name":"(anonymous_0)","decl":{"start":{"line":3,"column":20},"end":{"line":3,"column":21}},"loc":{"start":{"line":3,"column":31},"end":{"line":15,"column":1}},"line":3}},"branchMap":{},"s":{"0":0,"1":0,"2":0},"f":{"0":0},"b":{}}
,"D:\\reactjs_poc\\fetch_operations\\src\\screens\\productInfo\\useInfoFetch.js": {"path":"D:\\reactjs_poc\\fetch_operations\\src\\screens\\productInfo\\useInfoFetch.js","statementMap":{"0":{"start":{"line":2,"column":21},"end":{"line":12,"column":1}},"1":{"start":{"line":3,"column":26},"end":{"line":3,"column":38}},"2":{"start":{"line":4,"column":2},"end":{"line":10,"column":4}},"3":{"start":{"line":5,"column":4},"end":{"line":9,"column":8}},"4":{"start":{"line":6,"column":23},"end":{"line":6,"column":37}},"5":{"start":{"line":8,"column":8},"end":{"line":8,"column":21}},"6":{"start":{"line":11,"column":2},"end":{"line":11,"column":17}}},"fnMap":{"0":{"name":"(anonymous_0)","decl":{"start":{"line":2,"column":21},"end":{"line":2,"column":22}},"loc":{"start":{"line":2,"column":32},"end":{"line":12,"column":1}},"line":2},"1":{"name":"(anonymous_1)","decl":{"start":{"line":4,"column":12},"end":{"line":4,"column":13}},"loc":{"start":{"line":4,"column":18},"end":{"line":10,"column":3}},"line":4},"2":{"name":"(anonymous_2)","decl":{"start":{"line":6,"column":12},"end":{"line":6,"column":13}},"loc":{"start":{"line":6,"column":23},"end":{"line":6,"column":37}},"line":6},"3":{"name":"(anonymous_3)","decl":{"start":{"line":7,"column":12},"end":{"line":7,"column":13}},"loc":{"start":{"line":7,"column":20},"end":{"line":9,"column":7}},"line":7}},"branchMap":{},"s":{"0":0,"1":0,"2":0,"3":0,"4":0,"5":0,"6":0},"f":{"0":0,"1":0,"2":0,"3":0},"b":{}}
,"D:\\reactjs_poc\\fetch_operations\\src\\screens\\signUpPage\\regex.js": {"path":"D:\\reactjs_poc\\fetch_operations\\src\\screens\\signUpPage\\regex.js","statementMap":{"0":{"start":{"line":1,"column":27},"end":{"line":1,"column":69}},"1":{"start":{"line":2,"column":30},"end":{"line":2,"column":88}}},"fnMap":{},"branchMap":{},"s":{"0":2,"1":2},"f":{},"b":{},"_coverageSchema":"1a1c01bbd47fc00a2c39e90264f33305004495a9","hash":"752c95321650d170ec5e5ace48e691adeb6ba86d"}
,"D:\\reactjs_poc\\fetch_operations\\src\\screens\\signUpPage\\signUpFormElement.js": {"path":"D:\\reactjs_poc\\fetch_operations\\src\\screens\\signUpPage\\signUpFormElement.js","statementMap":{"0":{"start":{"line":2,"column":33},"end":{"line":30,"column":1}}},"fnMap":{},"branchMap":{},"s":{"0":2},"f":{},"b":{},"_coverageSchema":"1a1c01bbd47fc00a2c39e90264f33305004495a9","hash":"0cc6c70f77901bd20630c4dda8fea10f7896d872"}
,"D:\\reactjs_poc\\fetch_operations\\src\\screens\\signUpPage\\signUpPage.js": {"path":"D:\\reactjs_poc\\fetch_operations\\src\\screens\\signUpPage\\signUpPage.js","statementMap":{"0":{"start":{"line":8,"column":4},"end":{"line":8,"column":12}},"1":{"start":{"line":9,"column":26},"end":{"line":9,"column":59}},"2":{"start":{"line":10,"column":4},"end":{"line":17,"column":6}},"3":{"start":{"line":21,"column":23},"end":{"line":28,"column":5}},"4":{"start":{"line":22,"column":6},"end":{"line":27,"column":9}},"5":{"start":{"line":31,"column":19},"end":{"line":64,"column":5}},"6":{"start":{"line":32,"column":45},"end":{"line":32,"column":55}},"7":{"start":{"line":33,"column":23},"end":{"line":33,"column":64}},"8":{"start":{"line":34,"column":6},"end":{"line":63,"column":7}},"9":{"start":{"line":35,"column":31},"end":{"line":39,"column":9}},"10":{"start":{"line":40,"column":8},"end":{"line":58,"column":13}},"11":{"start":{"line":42,"column":12},"end":{"line":42,"column":35}},"12":{"start":{"line":44,"column":12},"end":{"line":57,"column":13}},"13":{"start":{"line":45,"column":14},"end":{"line":45,"column":69}},"14":{"start":{"line":46,"column":14},"end":{"line":49,"column":17}},"15":{"start":{"line":50,"column":14},"end":{"line":50,"column":49}},"16":{"start":{"line":52,"column":14},"end":{"line":56,"column":17}},"17":{"start":{"line":60,"column":8},"end":{"line":62,"column":11}},"18":{"start":{"line":67,"column":37},"end":{"line":67,"column":47}},"19":{"start":{"line":68,"column":6},"end":{"line":89,"column":8}},"20":{"start":{"line":76,"column":36},"end":{"line":82,"column":42}},"21":{"start":{"line":85,"column":104},"end":{"line":85,"column":123}}},"fnMap":{"0":{"name":"(anonymous_0)","decl":{"start":{"line":7,"column":2},"end":{"line":7,"column":3}},"loc":{"start":{"line":7,"column":17},"end":{"line":18,"column":3}},"line":7},"1":{"name":"(anonymous_1)","decl":{"start":{"line":21,"column":23},"end":{"line":21,"column":24}},"loc":{"start":{"line":21,"column":30},"end":{"line":28,"column":5}},"line":21},"2":{"name":"(anonymous_2)","decl":{"start":{"line":31,"column":19},"end":{"line":31,"column":20}},"loc":{"start":{"line":31,"column":25},"end":{"line":64,"column":5}},"line":31},"3":{"name":"(anonymous_3)","decl":{"start":{"line":41,"column":16},"end":{"line":41,"column":17}},"loc":{"start":{"line":41,"column":30},"end":{"line":43,"column":11}},"line":41},"4":{"name":"(anonymous_4)","decl":{"start":{"line":43,"column":18},"end":{"line":43,"column":19}},"loc":{"start":{"line":43,"column":30},"end":{"line":58,"column":11}},"line":43},"5":{"name":"(anonymous_5)","decl":{"start":{"line":66,"column":4},"end":{"line":66,"column":5}},"loc":{"start":{"line":66,"column":14},"end":{"line":90,"column":5}},"line":66},"6":{"name":"(anonymous_6)","decl":{"start":{"line":75,"column":54},"end":{"line":75,"column":55}},"loc":{"start":{"line":76,"column":36},"end":{"line":82,"column":42}},"line":76},"7":{"name":"(anonymous_7)","decl":{"start":{"line":85,"column":98},"end":{"line":85,"column":99}},"loc":{"start":{"line":85,"column":104},"end":{"line":85,"column":123}},"line":85}},"branchMap":{"0":{"loc":{"start":{"line":34,"column":6},"end":{"line":63,"column":7}},"type":"if","locations":[{"start":{"line":34,"column":6},"end":{"line":63,"column":7}},{"start":{"line":59,"column":13},"end":{"line":63,"column":7}}],"line":34},"1":{"loc":{"start":{"line":44,"column":12},"end":{"line":57,"column":13}},"type":"if","locations":[{"start":{"line":44,"column":12},"end":{"line":57,"column":13}},{"start":{"line":51,"column":19},"end":{"line":57,"column":13}}],"line":44},"2":{"loc":{"start":{"line":79,"column":41},"end":{"line":80,"column":92}},"type":"binary-expr","locations":[{"start":{"line":79,"column":41},"end":{"line":79,"column":47}},{"start":{"line":80,"column":44},"end":{"line":80,"column":92}}],"line":79}},"s":{"0":7,"1":7,"2":7,"3":7,"4":1,"5":7,"6":5,"7":5,"8":5,"9":2,"10":2,"11":2,"12":2,"13":1,"14":1,"15":1,"16":1,"17":3,"18":18,"19":18,"20":36,"21":5},"f":{"0":7,"1":1,"2":5,"3":2,"4":2,"5":18,"6":36,"7":5},"b":{"0":[2,3],"1":[1,1],"2":[36,36]},"_coverageSchema":"1a1c01bbd47fc00a2c39e90264f33305004495a9","hash":"83027ad3e540a9b769e5b9cdafed80d0f8c02b2e"}
,"D:\\reactjs_poc\\fetch_operations\\src\\utils\\ProductFormField.js": {"path":"D:\\reactjs_poc\\fetch_operations\\src\\utils\\ProductFormField.js","statementMap":{"0":{"start":{"line":1,"column":25},"end":{"line":5,"column":1}},"1":{"start":{"line":2,"column":15},"end":{"line":2,"column":60}},"2":{"start":{"line":2,"column":50},"end":{"line":2,"column":59}},"3":{"start":{"line":3,"column":31},"end":{"line":3,"column":76}},"4":{"start":{"line":3,"column":53},"end":{"line":3,"column":70}},"5":{"start":{"line":4,"column":2},"end":{"line":4,"column":29}}},"fnMap":{"0":{"name":"(anonymous_0)","decl":{"start":{"line":1,"column":25},"end":{"line":1,"column":26}},"loc":{"start":{"line":1,"column":53},"end":{"line":5,"column":1}},"line":1},"1":{"name":"(anonymous_1)","decl":{"start":{"line":2,"column":42},"end":{"line":2,"column":43}},"loc":{"start":{"line":2,"column":50},"end":{"line":2,"column":59}},"line":2},"2":{"name":"(anonymous_2)","decl":{"start":{"line":3,"column":42},"end":{"line":3,"column":43}},"loc":{"start":{"line":3,"column":53},"end":{"line":3,"column":70}},"line":3}},"branchMap":{},"s":{"0":0,"1":0,"2":0,"3":0,"4":0,"5":0},"f":{"0":0,"1":0,"2":0},"b":{}}
,"D:\\reactjs_poc\\fetch_operations\\src\\utils\\fetchApi.js": {"path":"D:\\reactjs_poc\\fetch_operations\\src\\utils\\fetchApi.js","statementMap":{"0":{"start":{"line":1,"column":17},"end":{"line":8,"column":1}},"1":{"start":{"line":2,"column":2},"end":{"line":7,"column":7}},"2":{"start":{"line":4,"column":6},"end":{"line":4,"column":29}},"3":{"start":{"line":6,"column":6},"end":{"line":6,"column":20}}},"fnMap":{"0":{"name":"(anonymous_0)","decl":{"start":{"line":1,"column":17},"end":{"line":1,"column":18}},"loc":{"start":{"line":1,"column":48},"end":{"line":8,"column":1}},"line":1},"1":{"name":"(anonymous_1)","decl":{"start":{"line":3,"column":10},"end":{"line":3,"column":11}},"loc":{"start":{"line":3,"column":24},"end":{"line":5,"column":5}},"line":3},"2":{"name":"(anonymous_2)","decl":{"start":{"line":5,"column":12},"end":{"line":5,"column":13}},"loc":{"start":{"line":5,"column":24},"end":{"line":7,"column":5}},"line":5}},"branchMap":{},"s":{"0":0,"1":0,"2":0,"3":0},"f":{"0":0,"1":0,"2":0},"b":{}}
,"D:\\reactjs_poc\\fetch_operations\\src\\utils\\formInputField.js": {"path":"D:\\reactjs_poc\\fetch_operations\\src\\utils\\formInputField.js","statementMap":{"0":{"start":{"line":1,"column":23},"end":{"line":5,"column":1}},"1":{"start":{"line":2,"column":14},"end":{"line":2,"column":54}},"2":{"start":{"line":2,"column":44},"end":{"line":2,"column":53}},"3":{"start":{"line":3,"column":31},"end":{"line":3,"column":76}},"4":{"start":{"line":3,"column":53},"end":{"line":3,"column":70}},"5":{"start":{"line":4,"column":2},"end":{"line":4,"column":30}}},"fnMap":{"0":{"name":"(anonymous_0)","decl":{"start":{"line":1,"column":23},"end":{"line":1,"column":24}},"loc":{"start":{"line":1,"column":46},"end":{"line":5,"column":1}},"line":1},"1":{"name":"(anonymous_1)","decl":{"start":{"line":2,"column":36},"end":{"line":2,"column":37}},"loc":{"start":{"line":2,"column":44},"end":{"line":2,"column":53}},"line":2},"2":{"name":"(anonymous_2)","decl":{"start":{"line":3,"column":42},"end":{"line":3,"column":43}},"loc":{"start":{"line":3,"column":53},"end":{"line":3,"column":70}},"line":3}},"branchMap":{},"s":{"0":2,"1":7,"2":14,"3":7,"4":14,"5":7},"f":{"0":7,"1":14,"2":14},"b":{},"_coverageSchema":"1a1c01bbd47fc00a2c39e90264f33305004495a9","hash":"7fd74c54d8f446dcce59f72953725b8789f9120c"}
,"D:\\reactjs_poc\\fetch_operations\\src\\utils\\validation.js": {"path":"D:\\reactjs_poc\\fetch_operations\\src\\utils\\validation.js","statementMap":{"0":{"start":{"line":1,"column":19},"end":{"line":20,"column":1}},"1":{"start":{"line":2,"column":17},"end":{"line":2,"column":19}},"2":{"start":{"line":3,"column":2},"end":{"line":18,"column":4}},"3":{"start":{"line":4,"column":33},"end":{"line":4,"column":37}},"4":{"start":{"line":5,"column":4},"end":{"line":7,"column":5}},"5":{"start":{"line":6,"column":6},"end":{"line":6,"column":46}},"6":{"start":{"line":8,"column":4},"end":{"line":10,"column":5}},"7":{"start":{"line":9,"column":6},"end":{"line":9,"column":39}},"8":{"start":{"line":11,"column":4},"end":{"line":13,"column":5}},"9":{"start":{"line":12,"column":6},"end":{"line":12,"column":39}},"10":{"start":{"line":14,"column":4},"end":{"line":16,"column":5}},"11":{"start":{"line":15,"column":6},"end":{"line":15,"column":41}},"12":{"start":{"line":19,"column":2},"end":{"line":19,"column":16}}},"fnMap":{"0":{"name":"(anonymous_0)","decl":{"start":{"line":1,"column":19},"end":{"line":1,"column":20}},"loc":{"start":{"line":1,"column":45},"end":{"line":20,"column":1}},"line":1},"1":{"name":"(anonymous_1)","decl":{"start":{"line":3,"column":20},"end":{"line":3,"column":21}},"loc":{"start":{"line":3,"column":28},"end":{"line":17,"column":3}},"line":3}},"branchMap":{"0":{"loc":{"start":{"line":5,"column":4},"end":{"line":7,"column":5}},"type":"if","locations":[{"start":{"line":5,"column":4},"end":{"line":7,"column":5}},{"start":{},"end":{}}],"line":5},"1":{"loc":{"start":{"line":5,"column":8},"end":{"line":5,"column":38}},"type":"binary-expr","locations":[{"start":{"line":5,"column":8},"end":{"line":5,"column":24}},{"start":{"line":5,"column":28},"end":{"line":5,"column":38}}],"line":5},"2":{"loc":{"start":{"line":8,"column":4},"end":{"line":10,"column":5}},"type":"if","locations":[{"start":{"line":8,"column":4},"end":{"line":10,"column":5}},{"start":{},"end":{}}],"line":8},"3":{"loc":{"start":{"line":8,"column":8},"end":{"line":8,"column":84}},"type":"binary-expr","locations":[{"start":{"line":8,"column":8},"end":{"line":8,"column":23}},{"start":{"line":8,"column":27},"end":{"line":8,"column":41}},{"start":{"line":8,"column":45},"end":{"line":8,"column":84}}],"line":8},"4":{"loc":{"start":{"line":11,"column":4},"end":{"line":13,"column":5}},"type":"if","locations":[{"start":{"line":11,"column":4},"end":{"line":13,"column":5}},{"start":{},"end":{}}],"line":11},"5":{"loc":{"start":{"line":11,"column":8},"end":{"line":11,"column":65}},"type":"binary-expr","locations":[{"start":{"line":11,"column":8},"end":{"line":11,"column":22}},{"start":{"line":11,"column":26},"end":{"line":11,"column":65}}],"line":11},"6":{"loc":{"start":{"line":14,"column":4},"end":{"line":16,"column":5}},"type":"if","locations":[{"start":{"line":14,"column":4},"end":{"line":16,"column":5}},{"start":{},"end":{}}],"line":14},"7":{"loc":{"start":{"line":14,"column":8},"end":{"line":14,"column":196}},"type":"binary-expr","locations":[{"start":{"line":14,"column":8},"end":{"line":14,"column":23}},{"start":{"line":14,"column":27},"end":{"line":14,"column":77}},{"start":{"line":14,"column":81},"end":{"line":14,"column":131}},{"start":{"line":14,"column":135},"end":{"line":14,"column":151}},{"start":{"line":14,"column":155},"end":{"line":14,"column":196}}],"line":14}},"s":{"0":2,"1":5,"2":5,"3":10,"4":10,"5":2,"6":10,"7":1,"8":10,"9":1,"10":10,"11":1,"12":5},"f":{"0":5,"1":10},"b":{"0":[2,8],"1":[10,2],"2":[1,9],"3":[10,8,4],"4":[1,9],"5":[10,5],"6":[1,9],"7":[10,8,7,6,6]},"_coverageSchema":"1a1c01bbd47fc00a2c39e90264f33305004495a9","hash":"0ef8504030365772de53ddfa0c9e6c549552367b"}
,"D:\\reactjs_poc\\fetch_operations\\src\\widget\\protectedRoute.js": {"path":"D:\\reactjs_poc\\fetch_operations\\src\\widget\\protectedRoute.js","statementMap":{"0":{"start":{"line":3,"column":23},"end":{"line":13,"column":1}},"1":{"start":{"line":4,"column":16},"end":{"line":4,"column":50}},"2":{"start":{"line":5,"column":2},"end":{"line":12,"column":3}},"3":{"start":{"line":9,"column":16},"end":{"line":9,"column":70}}},"fnMap":{"0":{"name":"(anonymous_0)","decl":{"start":{"line":3,"column":23},"end":{"line":3,"column":24}},"loc":{"start":{"line":3,"column":69},"end":{"line":13,"column":1}},"line":3},"1":{"name":"(anonymous_1)","decl":{"start":{"line":8,"column":22},"end":{"line":8,"column":23}},"loc":{"start":{"line":9,"column":16},"end":{"line":9,"column":70}},"line":9}},"branchMap":{"0":{"loc":{"start":{"line":9,"column":16},"end":{"line":9,"column":70}},"type":"cond-expr","locations":[{"start":{"line":9,"column":24},"end":{"line":9,"column":48}},{"start":{"line":9,"column":51},"end":{"line":9,"column":70}}],"line":9}},"s":{"0":1,"1":0,"2":0,"3":0},"f":{"0":0,"1":0},"b":{"0":[0,0]},"_coverageSchema":"1a1c01bbd47fc00a2c39e90264f33305004495a9","hash":"85182990afe5343a5021d54b3299edc020db4a45"}
}
