TN:
SF:src\App.js
FN:5,(anonymous_0)
FN:6,(anonymous_1)
FN:7,(anonymous_2)
FN:8,(anonymous_3)
FN:9,(anonymous_4)
FN:10,App
FNF:6
FNH:1
FNDA:0,(anonymous_0)
FNDA:0,(anonymous_1)
FNDA:0,(anonymous_2)
FNDA:0,(anonymous_3)
FNDA:0,(anonymous_4)
FNDA:1,App
DA:5,1
DA:6,1
DA:7,1
DA:8,1
DA:9,1
DA:11,1
LF:6
LH:6
BRF:0
BRH:0
end_of_record
TN:
SF:src\index.js
FNF:0
FNH:0
DA:8,0
LF:1
LH:0
BRF:0
BRH:0
end_of_record
TN:
SF:src\reportWebVitals.js
FN:1,(anonymous_0)
FN:3,(anonymous_1)
FNF:2
FNH:0
FNDA:0,(anonymous_0)
FNDA:0,(anonymous_1)
DA:1,0
DA:2,0
DA:3,0
DA:4,0
DA:5,0
DA:6,0
DA:7,0
DA:8,0
LF:8
LH:0
BRDA:2,0,0,0
BRDA:2,0,1,0
BRDA:2,1,0,0
BRDA:2,1,1,0
BRF:4
BRH:0
end_of_record
TN:
SF:src\component\navigation\Navigation.js
FN:5,(anonymous_0)
FNF:1
FNH:1
FNDA:9,(anonymous_0)
DA:5,2
DA:6,9
LF:2
LH:2
BRF:0
BRH:0
end_of_record
TN:
SF:src\redux\actionCreations\actionCreations.js
FN:2,addQuantity
FN:8,removeQuantity
FN:14,addToCart
FN:20,deleteFromCart
FNF:4
FNH:4
FNDA:1,addQuantity
FNDA:1,removeQuantity
FNDA:1,addToCart
FNDA:1,deleteFromCart
DA:3,1
DA:9,1
DA:15,1
DA:21,1
LF:4
LH:4
BRF:0
BRH:0
end_of_record
TN:
SF:src\redux\actionType\actionType.js
FNF:0
FNH:0
DA:1,3
DA:2,3
DA:3,3
DA:4,3
LF:4
LH:4
BRF:0
BRH:0
end_of_record
TN:
SF:src\redux\actionTypes\ActionTypes.js
FNF:0
FNH:0
DA:1,3
DA:2,3
DA:3,3
DA:4,3
LF:4
LH:4
BRF:0
BRH:0
end_of_record
TN:
SF:src\redux\reducer\reducer.js
FN:6,cartOperations
FN:9,(anonymous_1)
FN:19,(anonymous_2)
FN:30,(anonymous_3)
FN:47,(anonymous_4)
FNF:5
FNH:4
FNDA:19,cartOperations
FNDA:0,(anonymous_1)
FNDA:2,(anonymous_2)
FNDA:2,(anonymous_3)
FNDA:2,(anonymous_4)
DA:3,3
DA:7,19
DA:9,0
DA:10,0
DA:11,0
DA:13,0
DA:15,0
DA:19,2
DA:20,2
DA:21,2
DA:23,2
DA:25,2
DA:30,2
DA:31,2
DA:32,1
DA:37,1
DA:45,2
DA:47,2
DA:51,13
DA:54,3
LF:20
LH:15
BRDA:6,0,0,7
BRDA:7,1,0,0
BRDA:7,1,1,2
BRDA:7,1,2,2
BRDA:7,1,3,2
BRDA:7,1,4,13
BRDA:10,2,0,0
BRDA:10,2,1,0
BRDA:20,3,0,2
BRDA:20,3,1,0
BRDA:31,4,0,1
BRDA:31,4,1,1
BRF:12
BRH:8
end_of_record
TN:
SF:src\redux\reducer\__test__\data.js
FNF:0
FNH:0
DA:1,1
DA:10,1
DA:19,1
LF:3
LH:3
BRF:0
BRH:0
end_of_record
TN:
SF:src\redux\store\store.js
FNF:0
FNH:0
DA:5,0
DA:9,0
DA:10,0
DA:13,0
LF:4
LH:0
BRDA:11,0,0,0
BRDA:11,0,1,0
BRF:2
BRH:0
end_of_record
TN:
SF:src\screens\addProduct\addProductFormElements.js
FNF:0
FNH:0
DA:1,0
LF:1
LH:0
BRF:0
BRH:0
end_of_record
TN:
SF:src\screens\addProduct\__test__\data.js
FNF:0
FNH:0
DA:1,0
LF:1
LH:0
BRF:0
BRH:0
end_of_record
TN:
SF:src\screens\addToCart\addToCarts.js
FN:7,(anonymous_0)
FN:8,(anonymous_1)
FN:11,(anonymous_2)
FN:14,(anonymous_3)
FN:22,(anonymous_4)
FN:29,(anonymous_5)
FN:33,(anonymous_6)
FN:36,(anonymous_7)
FN:41,(anonymous_8)
FN:66,(anonymous_9)
FNF:10
FNH:10
FNDA:5,(anonymous_0)
FNDA:1,(anonymous_1)
FNDA:1,(anonymous_2)
FNDA:1,(anonymous_3)
FNDA:4,(anonymous_4)
FNDA:1,(anonymous_5)
FNDA:1,(anonymous_6)
FNDA:1,(anonymous_7)
FNDA:4,(anonymous_8)
FNDA:5,(anonymous_9)
DA:7,1
DA:8,5
DA:9,1
DA:11,5
DA:12,1
DA:14,5
DA:15,1
DA:17,5
DA:23,4
DA:29,1
DA:33,1
DA:36,1
DA:42,4
DA:66,1
DA:67,5
LF:15
LH:15
BRDA:20,0,0,4
BRDA:20,0,1,1
BRDA:20,1,0,5
BRDA:20,1,1,5
BRDA:32,2,0,4
BRDA:32,2,1,2
BRF:6
BRH:6
end_of_record
TN:
SF:src\screens\addToCart\__test__\InitialStateData.js
FNF:0
FNH:0
DA:1,2
LF:1
LH:1
BRF:0
BRH:0
end_of_record
TN:
SF:src\screens\addToCart\__test__\renderWithState.js
FN:6,(anonymous_0)
FN:8,(anonymous_1)
FNF:2
FNH:2
FNDA:4,(anonymous_0)
FNDA:4,(anonymous_1)
DA:6,2
DA:7,4
DA:8,4
DA:9,4
DA:12,4
LF:5
LH:5
BRDA:6,0,0,0
BRF:1
BRH:0
end_of_record
TN:
SF:src\screens\checkOut\checkOut.js
FN:4,(anonymous_0)
FN:9,(anonymous_1)
FN:21,(anonymous_2)
FN:29,(anonymous_3)
FNF:4
FNH:4
FNDA:1,(anonymous_0)
FNDA:1,(anonymous_1)
FNDA:1,(anonymous_2)
FNDA:1,(anonymous_3)
DA:4,1
DA:5,1
DA:10,1
DA:22,1
DA:29,1
DA:30,1
LF:6
LH:6
BRF:0
BRH:0
end_of_record
TN:
SF:src\screens\loginPage\loginPage.js
FN:5,(anonymous_0)
FN:20,(anonymous_1)
FN:30,(anonymous_2)
FN:51,(anonymous_3)
FN:65,(anonymous_4)
FNF:5
FNH:0
FNDA:0,(anonymous_0)
FNDA:0,(anonymous_1)
FNDA:0,(anonymous_2)
FNDA:0,(anonymous_3)
FNDA:0,(anonymous_4)
DA:6,0
DA:7,0
DA:20,0
DA:21,0
DA:30,0
DA:31,0
DA:32,0
DA:33,0
DA:34,0
DA:35,0
DA:36,0
DA:37,0
DA:39,0
DA:52,0
DA:53,0
DA:54,0
DA:65,0
LF:17
LH:0
BRDA:32,0,0,0
BRDA:32,0,1,0
BRF:2
BRH:0
end_of_record
TN:
SF:src\screens\product\FilterPrice.js
FNF:0
FNH:0
DA:2,1
LF:1
LH:1
BRF:0
BRH:0
end_of_record
TN:
SF:src\screens\product\product.js
FN:10,(anonymous_0)
FN:26,(anonymous_1)
FN:35,(anonymous_2)
FN:37,(anonymous_3)
FN:38,(anonymous_4)
FN:45,(anonymous_5)
FN:48,(anonymous_6)
FN:54,(anonymous_7)
FN:59,(anonymous_8)
FN:65,(anonymous_9)
FN:66,(anonymous_10)
FN:69,(anonymous_11)
FN:72,(anonymous_12)
FN:75,(anonymous_13)
FN:77,(anonymous_14)
FN:81,(anonymous_15)
FN:85,(anonymous_16)
FN:86,(anonymous_17)
FN:89,(anonymous_18)
FN:91,(anonymous_19)
FN:94,(anonymous_20)
FN:97,(anonymous_21)
FN:98,(anonymous_22)
FN:99,(anonymous_23)
FN:100,(anonymous_24)
FN:107,(anonymous_25)
FN:115,(anonymous_26)
FN:121,(anonymous_27)
FN:130,(anonymous_28)
FNF:29
FNH:29
FNDA:10,(anonymous_0)
FNDA:5,(anonymous_1)
FNDA:4,(anonymous_2)
FNDA:1,(anonymous_3)
FNDA:1,(anonymous_4)
FNDA:1,(anonymous_5)
FNDA:1,(anonymous_6)
FNDA:1,(anonymous_7)
FNDA:1,(anonymous_8)
FNDA:2,(anonymous_9)
FNDA:2,(anonymous_10)
FNDA:2,(anonymous_11)
FNDA:4,(anonymous_12)
FNDA:1,(anonymous_13)
FNDA:4,(anonymous_14)
FNDA:1,(anonymous_15)
FNDA:1,(anonymous_16)
FNDA:1,(anonymous_17)
FNDA:1,(anonymous_18)
FNDA:3,(anonymous_19)
FNDA:1,(anonymous_20)
FNDA:27,(anonymous_21)
FNDA:42,(anonymous_22)
FNDA:42,(anonymous_23)
FNDA:28,(anonymous_24)
FNDA:54,(anonymous_25)
FNDA:28,(anonymous_26)
FNDA:13,(anonymous_27)
FNDA:1,(anonymous_28)
DA:11,10
DA:12,10
DA:26,10
DA:27,5
DA:28,5
DA:29,5
DA:36,4
DA:37,1
DA:39,1
DA:43,1
DA:45,1
DA:48,10
DA:49,1
DA:50,1
DA:51,1
DA:55,1
DA:59,10
DA:60,1
DA:61,1
DA:65,10
DA:66,2
DA:69,10
DA:70,2
DA:71,2
DA:72,4
DA:73,1
DA:75,1
DA:76,1
DA:77,4
DA:79,1
DA:81,1
DA:85,10
DA:86,1
DA:89,10
DA:90,1
DA:91,3
DA:92,1
DA:94,1
DA:98,42
DA:99,42
DA:100,28
DA:101,27
DA:108,54
DA:116,28
DA:122,13
DA:130,1
LF:46
LH:46
BRDA:71,0,0,1
BRDA:71,0,1,1
BRDA:76,1,0,1
BRDA:76,1,1,0
BRF:4
BRH:3
end_of_record
TN:
SF:src\screens\product\__test__\data.js
FNF:0
FNH:0
DA:1,1
DA:26,1
LF:2
LH:2
BRF:0
BRH:0
end_of_record
TN:
SF:src\screens\productInfo\ProductInfo.js
FN:3,(anonymous_0)
FNF:1
FNH:0
FNDA:0,(anonymous_0)
DA:3,0
DA:4,0
DA:5,0
LF:3
LH:0
BRF:0
BRH:0
end_of_record
TN:
SF:src\screens\productInfo\useInfoFetch.js
FN:2,(anonymous_0)
FN:4,(anonymous_1)
FN:6,(anonymous_2)
FN:7,(anonymous_3)
FNF:4
FNH:0
FNDA:0,(anonymous_0)
FNDA:0,(anonymous_1)
FNDA:0,(anonymous_2)
FNDA:0,(anonymous_3)
DA:2,0
DA:3,0
DA:4,0
DA:5,0
DA:6,0
DA:8,0
DA:11,0
LF:7
LH:0
BRF:0
BRH:0
end_of_record
TN:
SF:src\screens\signUpPage\regex.js
FNF:0
FNH:0
DA:1,2
DA:2,2
LF:2
LH:2
BRF:0
BRH:0
end_of_record
TN:
SF:src\screens\signUpPage\signUpFormElement.js
FNF:0
FNH:0
DA:2,2
LF:1
LH:1
BRF:0
BRH:0
end_of_record
TN:
SF:src\screens\signUpPage\signUpPage.js
FN:7,(anonymous_0)
FN:21,(anonymous_1)
FN:31,(anonymous_2)
FN:41,(anonymous_3)
FN:43,(anonymous_4)
FN:66,(anonymous_5)
FN:75,(anonymous_6)
FN:85,(anonymous_7)
FNF:8
FNH:8
FNDA:7,(anonymous_0)
FNDA:1,(anonymous_1)
FNDA:5,(anonymous_2)
FNDA:2,(anonymous_3)
FNDA:2,(anonymous_4)
FNDA:18,(anonymous_5)
FNDA:36,(anonymous_6)
FNDA:5,(anonymous_7)
DA:8,7
DA:9,7
DA:10,7
DA:21,7
DA:22,1
DA:31,7
DA:32,5
DA:33,5
DA:34,5
DA:35,2
DA:40,2
DA:42,2
DA:44,2
DA:45,1
DA:46,1
DA:50,1
DA:52,1
DA:60,3
DA:67,18
DA:68,18
DA:76,36
DA:85,5
LF:22
LH:22
BRDA:34,0,0,2
BRDA:34,0,1,3
BRDA:44,1,0,1
BRDA:44,1,1,1
BRDA:79,2,0,36
BRDA:79,2,1,36
BRF:6
BRH:6
end_of_record
TN:
SF:src\utils\ProductFormField.js
FN:1,(anonymous_0)
FN:2,(anonymous_1)
FN:3,(anonymous_2)
FNF:3
FNH:0
FNDA:0,(anonymous_0)
FNDA:0,(anonymous_1)
FNDA:0,(anonymous_2)
DA:1,0
DA:2,0
DA:3,0
DA:4,0
LF:4
LH:0
BRF:0
BRH:0
end_of_record
TN:
SF:src\utils\fetchApi.js
FN:1,(anonymous_0)
FN:3,(anonymous_1)
FN:5,(anonymous_2)
FNF:3
FNH:0
FNDA:0,(anonymous_0)
FNDA:0,(anonymous_1)
FNDA:0,(anonymous_2)
DA:1,0
DA:2,0
DA:4,0
DA:6,0
LF:4
LH:0
BRF:0
BRH:0
end_of_record
TN:
SF:src\utils\formInputField.js
FN:1,(anonymous_0)
FN:2,(anonymous_1)
FN:3,(anonymous_2)
FNF:3
FNH:3
FNDA:7,(anonymous_0)
FNDA:14,(anonymous_1)
FNDA:14,(anonymous_2)
DA:1,2
DA:2,14
DA:3,14
DA:4,7
LF:4
LH:4
BRF:0
BRH:0
end_of_record
TN:
SF:src\utils\validation.js
FN:1,(anonymous_0)
FN:3,(anonymous_1)
FNF:2
FNH:2
FNDA:5,(anonymous_0)
FNDA:10,(anonymous_1)
DA:1,2
DA:2,5
DA:3,5
DA:4,10
DA:5,10
DA:6,2
DA:8,10
DA:9,1
DA:11,10
DA:12,1
DA:14,10
DA:15,1
DA:19,5
LF:13
LH:13
BRDA:5,0,0,2
BRDA:5,0,1,8
BRDA:5,1,0,10
BRDA:5,1,1,2
BRDA:8,2,0,1
BRDA:8,2,1,9
BRDA:8,3,0,10
BRDA:8,3,1,8
BRDA:8,3,2,4
BRDA:11,4,0,1
BRDA:11,4,1,9
BRDA:11,5,0,10
BRDA:11,5,1,5
BRDA:14,6,0,1
BRDA:14,6,1,9
BRDA:14,7,0,10
BRDA:14,7,1,8
BRDA:14,7,2,7
BRDA:14,7,3,6
BRDA:14,7,4,6
BRF:20
BRH:20
end_of_record
TN:
SF:src\widget\protectedRoute.js
FN:3,(anonymous_0)
FN:8,(anonymous_1)
FNF:2
FNH:0
FNDA:0,(anonymous_0)
FNDA:0,(anonymous_1)
DA:3,1
DA:4,0
DA:5,0
DA:9,0
LF:4
LH:1
BRDA:9,0,0,0
BRDA:9,0,1,0
BRF:2
BRH:0
end_of_record
